11:50:35.312 [ApplicationImpl pooled thread 21] INFO  c.b.l.BrowserStackRunExtension - application
11:50:35.313 [ApplicationImpl pooled thread 21] INFO  com.browserstack.utils.Helpers - null
11:52:23.818 [ApplicationImpl pooled thread 28] INFO  c.b.l.BrowserStackRunExtension - application
11:52:23.818 [ApplicationImpl pooled thread 28] INFO  com.browserstack.utils.Helpers - null
10:51:10.477 [ApplicationImpl pooled thread 37] INFO  c.b.l.BrowserStackRunExtension - application
10:51:10.477 [ApplicationImpl pooled thread 37] INFO  com.browserstack.utils.Helpers - null
09:58:36.523 [ApplicationImpl pooled thread 24] INFO  c.b.l.BrowserStackRunExtension - application
09:58:36.524 [ApplicationImpl pooled thread 24] INFO  com.browserstack.utils.Helpers - null
09:58:50.952 [ApplicationImpl pooled thread 25] INFO  c.b.l.BrowserStackRunExtension - application
09:58:50.952 [ApplicationImpl pooled thread 25] INFO  com.browserstack.utils.Helpers - null
10:00:05.117 [ApplicationImpl pooled thread 26] INFO  c.b.l.BrowserStackRunExtension - application
10:00:05.117 [ApplicationImpl pooled thread 26] INFO  com.browserstack.utils.Helpers - null
10:03:47.003 [ApplicationImpl pooled thread 30] INFO  c.b.l.BrowserStackRunExtension - application
10:03:47.003 [ApplicationImpl pooled thread 30] INFO  com.browserstack.utils.Helpers - null
10:11:25.038 [ApplicationImpl pooled thread 32] INFO  c.b.l.BrowserStackRunExtension - application
10:11:25.038 [ApplicationImpl pooled thread 32] INFO  com.browserstack.utils.Helpers - null
10:12:34.867 [ApplicationImpl pooled thread 32] INFO  c.b.l.BrowserStackRunExtension - application
10:12:34.867 [ApplicationImpl pooled thread 32] INFO  com.browserstack.utils.Helpers - null
10:13:51.744 [ApplicationImpl pooled thread 36] INFO  c.b.l.BrowserStackRunExtension - application
10:13:51.744 [ApplicationImpl pooled thread 36] INFO  com.browserstack.utils.Helpers - null
10:14:41.843 [ApplicationImpl pooled thread 32] INFO  c.b.l.BrowserStackRunExtension - application
10:14:41.843 [ApplicationImpl pooled thread 32] INFO  com.browserstack.utils.Helpers - null
10:15:56.358 [ApplicationImpl pooled thread 39] INFO  c.b.l.BrowserStackRunExtension - application
10:15:56.358 [ApplicationImpl pooled thread 39] INFO  com.browserstack.utils.Helpers - null
10:17:53.826 [ApplicationImpl pooled thread 40] INFO  c.b.l.BrowserStackRunExtension - application
10:17:53.826 [ApplicationImpl pooled thread 40] INFO  com.browserstack.utils.Helpers - null
10:18:56.727 [ApplicationImpl pooled thread 36] INFO  c.b.l.BrowserStackRunExtension - application
10:18:56.727 [ApplicationImpl pooled thread 36] INFO  com.browserstack.utils.Helpers - null
10:19:27.580 [ApplicationImpl pooled thread 31] INFO  c.b.l.BrowserStackRunExtension - application
10:19:27.581 [ApplicationImpl pooled thread 31] INFO  com.browserstack.utils.Helpers - null
10:19:39.600 [ApplicationImpl pooled thread 45] INFO  c.b.l.BrowserStackRunExtension - application
10:19:39.600 [ApplicationImpl pooled thread 45] INFO  com.browserstack.utils.Helpers - null
10:32:03.304 [ApplicationImpl pooled thread 2] INFO  c.b.l.BrowserStackRunExtension - application
10:32:03.305 [ApplicationImpl pooled thread 2] INFO  com.browserstack.utils.Helpers - null
10:32:18.426 [ApplicationImpl pooled thread 11] INFO  c.b.l.BrowserStackRunExtension - application
10:32:18.427 [ApplicationImpl pooled thread 11] INFO  com.browserstack.utils.Helpers - null
10:40:07.717 [ApplicationImpl pooled thread 3] INFO  c.b.l.BrowserStackRunExtension - application
10:40:07.717 [ApplicationImpl pooled thread 3] INFO  com.browserstack.utils.Helpers - null
10:40:36.601 [ApplicationImpl pooled thread 26] INFO  c.b.l.BrowserStackRunExtension - application
10:40:36.601 [ApplicationImpl pooled thread 26] INFO  com.browserstack.utils.Helpers - null
10:43:11.298 [ApplicationImpl pooled thread 29] INFO  c.b.l.BrowserStackRunExtension - application
10:43:11.298 [ApplicationImpl pooled thread 29] INFO  com.browserstack.utils.Helpers - null
10:45:13.306 [ApplicationImpl pooled thread 29] INFO  c.b.l.BrowserStackRunExtension - application
10:45:13.306 [ApplicationImpl pooled thread 29] INFO  com.browserstack.utils.Helpers - null
10:50:29.496 [AWT-EventQueue-0] INFO  c.b.actions.DisableBrowserStack - Setting disable browserstack run update
10:50:29.501 [AWT-EventQueue-0] INFO  c.b.actions.EnableBrowserStack - Setting enable browserstack run update
09:14:25.096 [ApplicationImpl pooled thread 22] INFO  c.b.l.BrowserStackRunExtension - application
09:14:25.097 [ApplicationImpl pooled thread 22] INFO  com.browserstack.utils.Helpers - null
09:14:33.669 [ApplicationImpl pooled thread 24] INFO  c.b.l.BrowserStackRunExtension - application
09:14:33.669 [ApplicationImpl pooled thread 24] INFO  com.browserstack.utils.Helpers - null
09:14:40.939 [ApplicationImpl pooled thread 20] INFO  c.b.l.BrowserStackRunExtension - application
09:14:40.939 [ApplicationImpl pooled thread 20] INFO  com.browserstack.utils.Helpers - null
09:16:26.264 [ApplicationImpl pooled thread 31] INFO  c.b.l.BrowserStackRunExtension - application
09:16:26.265 [ApplicationImpl pooled thread 31] INFO  com.browserstack.utils.Helpers - null
09:17:37.201 [ApplicationImpl pooled thread 32] INFO  c.b.l.BrowserStackRunExtension - application
09:17:37.201 [ApplicationImpl pooled thread 32] INFO  com.browserstack.utils.Helpers - null
09:17:51.499 [ApplicationImpl pooled thread 35] INFO  c.b.l.BrowserStackRunExtension - application
09:17:51.499 [ApplicationImpl pooled thread 35] INFO  com.browserstack.utils.Helpers - null
09:18:23.992 [ApplicationImpl pooled thread 35] INFO  c.b.l.BrowserStackRunExtension - application
09:18:23.992 [ApplicationImpl pooled thread 35] INFO  com.browserstack.utils.Helpers - null
09:18:28.817 [ApplicationImpl pooled thread 37] INFO  c.b.l.BrowserStackRunExtension - application
09:18:28.817 [ApplicationImpl pooled thread 37] INFO  com.browserstack.utils.Helpers - null
09:18:37.041 [ApplicationImpl pooled thread 37] INFO  c.b.l.BrowserStackRunExtension - application
09:18:37.041 [ApplicationImpl pooled thread 37] INFO  com.browserstack.utils.Helpers - null
09:19:11.958 [ApplicationImpl pooled thread 29] INFO  c.b.l.BrowserStackRunExtension - application
09:19:11.958 [ApplicationImpl pooled thread 29] INFO  com.browserstack.utils.Helpers - null
09:19:26.321 [ApplicationImpl pooled thread 38] INFO  c.b.l.BrowserStackRunExtension - application
09:19:26.322 [ApplicationImpl pooled thread 38] INFO  com.browserstack.utils.Helpers - null
13:08:38.909 [ApplicationImpl pooled thread 20] INFO  c.b.l.BrowserStackRunExtension - application
13:08:38.910 [ApplicationImpl pooled thread 20] INFO  com.browserstack.utils.Helpers - null
13:11:10.697 [ApplicationImpl pooled thread 21] INFO  c.b.l.BrowserStackRunExtension - application
13:11:10.697 [ApplicationImpl pooled thread 21] INFO  com.browserstack.utils.Helpers - null
10:56:13.426 [ApplicationImpl pooled thread 14] INFO  c.b.l.BrowserStackRunExtension - application
10:56:13.427 [ApplicationImpl pooled thread 14] INFO  com.browserstack.utils.Helpers - null
11:20:17.431 [ApplicationImpl pooled thread 24] INFO  c.b.l.BrowserStackRunExtension - application
11:20:17.431 [ApplicationImpl pooled thread 24] INFO  com.browserstack.utils.Helpers - null
11:45:03.096 [ApplicationImpl pooled thread 40] INFO  c.b.l.BrowserStackRunExtension - application
11:45:03.097 [ApplicationImpl pooled thread 40] INFO  com.browserstack.utils.Helpers - null
11:45:08.219 [ApplicationImpl pooled thread 32] INFO  c.b.l.BrowserStackRunExtension - testng
11:45:08.219 [ApplicationImpl pooled thread 32] INFO  com.browserstack.utils.Helpers - null
11:45:08.219 [ApplicationImpl pooled thread 32] INFO  c.b.l.BrowserStackRunExtension - Agent path: null
11:48:41.210 [ApplicationImpl pooled thread 32] INFO  c.b.l.BrowserStackRunExtension - testng
11:48:41.210 [ApplicationImpl pooled thread 32] INFO  com.browserstack.utils.Helpers - null
11:48:41.212 [ApplicationImpl pooled thread 32] INFO  c.b.l.BrowserStackRunExtension - Agent path: null
11:49:54.880 [ApplicationImpl pooled thread 44] INFO  c.b.l.BrowserStackRunExtension - testng
11:49:54.880 [ApplicationImpl pooled thread 44] INFO  com.browserstack.utils.Helpers - null
11:49:54.881 [ApplicationImpl pooled thread 44] INFO  c.b.l.BrowserStackRunExtension - Agent path: null
12:21:56.511 [ApplicationImpl pooled thread 28] INFO  c.b.l.BrowserStackRunExtension - testng
12:21:56.512 [ApplicationImpl pooled thread 28] INFO  com.browserstack.utils.Helpers - null
12:21:56.512 [ApplicationImpl pooled thread 28] INFO  c.b.l.BrowserStackRunExtension - Agent path: null
